Arguments: 
  C:\Program Files\nodejs\node.exe C:\Program Files (x86)\Yarn\bin\yarn.js add elment-ui

PATH: 
  C:\Users\ck\Documents\GitHub\SpringBoot-Shiro-Vue\vue\node_modules\.bin;C:\Program Files\Java\jdk-11.0.2\bin;C:\WINDOWS\system32;C:\WINDOWS;C:\WINDOWS\System32\Wbem;C:\WINDOWS\System32\WindowsPowerShell\v1.0\;C:\WINDOWS\System32\OpenSSH\;C:\Program Files\Java\jdk-11.0.2\jre\bin;C:\Users\ck\Anaconda3;C:\Users\ck\Anaconda3\Scripts;C:\Users\ck\Anaconda3\Library\bin;C:\Program Files\Git\cmd;C:\Program Files\Maven\apache-maven-3.6.1\bin;C:\Program Files\nodejs\;C:\Program Files (x86)\Yarn\bin\;C:\Users\ck\AppData\Local\Microsoft\WindowsApps;C:\Program Files\JetBrains\WebStorm 2019.1.1\bin;C:\软件\idea\IntelliJ IDEA 2019.1.3\bin;C:\软件\pycharm\PyCharm 2019.1.3\bin;C:\Users\ck\AppData\Roaming\npm;C:\Users\ck\AppData\Local\Yarn\bin;C:\Users\ck\AppData\Local\GitHubDesktop\bin

Yarn version: 
  1.16.0

Node version: 
  10.16.0

Platform: 
  win32 x64

Trace: 
  Error: https://registry.yarnpkg.com/elment-ui: Not found
      at Request.params.callback [as _callback] (C:\Program Files (x86)\Yarn\lib\cli.js:65200:18)
      at Request.self.callback (C:\Program Files (x86)\Yarn\lib\cli.js:129590:22)
      at Request.emit (events.js:198:13)
      at Request.<anonymous> (C:\Program Files (x86)\Yarn\lib\cli.js:130562:10)
      at Request.emit (events.js:198:13)
      at IncomingMessage.<anonymous> (C:\Program Files (x86)\Yarn\lib\cli.js:130484:12)
      at Object.onceWrapper (events.js:286:20)
      at IncomingMessage.emit (events.js:203:15)
      at endReadableNT (_stream_readable.js:1129:12)
      at process._tickCallback (internal/process/next_tick.js:63:19)

npm manifest: 
  {
    "name": "vue-admin",
    "version": "3.1.0",
    "license": "MIT",
    "description": "",
    "author": "",
    "scripts": {
      "dev": "webpack-dev-server --inline --progress --config build/webpack.dev.conf.js",
      "start": "npm run dev",
      "build": "node build/build.js",
      "build:report": "npm_config_report=true node build/build.js",
      "lint": "eslint --ext .js,.vue src",
      "test": "npm run lint"
    },
    "dependencies": {
      "axios": "0.17.1",
      "element-ui": "2.3.4",
      "js-cookie": "2.2.0",
      "normalize.css": "7.0.0",
      "nprogress": "0.2.0",
      "vue": "2.5.10",
      "vue-router": "3.0.1",
      "vue2-verify": "^1.1.5",
      "vuex": "3.0.1"
    },
    "devDependencies": {
      "autoprefixer": "7.2.3",
      "babel-core": "6.26.0",
      "babel-eslint": "8.0.3",
      "babel-helper-vue-jsx-merge-props": "2.0.3",
      "babel-loader": "7.1.2",
      "babel-plugin-syntax-jsx": "6.18.0",
      "babel-plugin-transform-runtime": "6.23.0",
      "babel-plugin-transform-vue-jsx": "3.5.0",
      "babel-preset-env": "1.6.1",
      "babel-preset-stage-2": "6.24.1",
      "chalk": "2.3.0",
      "copy-webpack-plugin": "4.2.3",
      "css-loader": "0.28.7",
      "eslint": "4.13.1",
      "eslint-friendly-formatter": "3.0.0",
      "eslint-loader": "1.9.0",
      "eslint-plugin-html": "4.0.1",
      "eventsource-polyfill": "0.9.6",
      "extract-text-webpack-plugin": "3.0.2",
      "file-loader": "1.1.5",
      "friendly-errors-webpack-plugin": "1.6.1",
      "html-webpack-plugin": "2.30.1",
      "node-notifier": "5.1.2",
      "node-sass": "^4.7.2",
      "optimize-css-assets-webpack-plugin": "3.2.0",
      "ora": "1.3.0",
      "portfinder": "1.0.13",
      "postcss-import": "11.0.0",
      "postcss-loader": "2.0.9",
      "rimraf": "2.6.2",
      "sass-loader": "6.0.6",
      "semver": "5.4.1",
      "shelljs": "0.7.8",
      "svg-sprite-loader": "3.5.2",
      "uglifyjs-webpack-plugin": "1.1.3",
      "url-loader": "0.6.2",
      "vue-loader": "13.5.0",
      "vue-style-loader": "3.0.3",
      "vue-template-compiler": "2.5.10",
      "webpack": "3.10.0",
      "webpack-bundle-analyzer": "2.9.1",
      "webpack-dev-server": "2.9.7",
      "webpack-merge": "4.1.1"
    },
    "engines": {
      "node": ">= 4.0.0",
      "npm": ">= 3.0.0"
    },
    "browserslist": [
      "> 1%",
      "last 2 versions",
      "not ie <= 8"
    ]
  }

yarn manifest: 
  No manifest

Lockfile: 
  No lockfile
